<?xml version="1.0" encoding="UTF-8"?>
<testsuite name="AcronymTest" tests="5" skipped="0" failures="0" errors="0" timestamp="2018-06-30T08:04:08" hostname="Johons-MBP" time="0.023">
  <properties/>
  <testcase name="NonAcronymAllCapsWord" classname="AcronymTest" time="0.007"/>
  <testcase name="lowercaseWords" classname="AcronymTest" time="0.001"/>
  <testcase name="basic" classname="AcronymTest" time="0.001"/>
  <testcase name="punctuationWithoutWhitespace" classname="AcronymTest" time="0.001"/>
  <testcase name="punctuation" classname="AcronymTest" time="0.002"/>
  <system-out><![CDATA[]]></system-out>
  <system-err><![CDATA[]]></system-err>
</testsuite>
